1724748606.702095 client started (244773): version 3.2a, socket /tmp/tmux-1000/default, protocol 8
1724748606.702144 on Linux 5.15.153.1-microsoft-standard-WSL2 #1 SMP Fri Mar 29 23:14:13 UTC 2024
1724748606.702150 using libevent 2.1.12-stable (poll); ncurses 6.3
1724748606.702184 flags are 0x18010000
1724748606.702191 socket is /tmp/tmux-1000/default
1724748606.702200 trying connect
1724748606.702331 add peer 0x564e7e66bf00: 6 ((nil))
1724748606.702571 sending message 100 to peer 0x564e7e66bf00 (4 bytes)
1724748606.702581 sending message 111 to peer 0x564e7e66bf00 (8 bytes)
1724748606.702585 sending message 101 to peer 0x564e7e66bf00 (15 bytes)
1724748606.702588 sending message 109 to peer 0x564e7e66bf00 (4 bytes)
1724748606.702591 sending message 102 to peer 0x564e7e66bf00 (11 bytes)
1724748606.702594 sending message 108 to peer 0x564e7e66bf00 (23 bytes)
1724748606.702597 sending message 112 to peer 0x564e7e66bf00 (58 bytes)
1724748606.702600 sending message 112 to peer 0x564e7e66bf00 (5 bytes)
1724748606.702603 sending message 112 to peer 0x564e7e66bf00 (5 bytes)
1724748606.702606 sending message 112 to peer 0x564e7e66bf00 (6 bytes)
1724748606.702609 sending message 112 to peer 0x564e7e66bf00 (6 bytes)
1724748606.702611 sending message 112 to peer 0x564e7e66bf00 (11 bytes)
1724748606.702614 sending message 112 to peer 0x564e7e66bf00 (10 bytes)
1724748606.702617 sending message 112 to peer 0x564e7e66bf00 (13 bytes)
1724748606.702620 sending message 112 to peer 0x564e7e66bf00 (14 bytes)
1724748606.702624 sending message 112 to peer 0x564e7e66bf00 (19 bytes)
1724748606.702626 sending message 112 to peer 0x564e7e66bf00 (11 bytes)
1724748606.702629 sending message 112 to peer 0x564e7e66bf00 (10 bytes)
1724748606.702632 sending message 112 to peer 0x564e7e66bf00 (15 bytes)
1724748606.702635 sending message 112 to peer 0x564e7e66bf00 (21 bytes)
1724748606.702638 sending message 112 to peer 0x564e7e66bf00 (13 bytes)
1724748606.702641 sending message 112 to peer 0x564e7e66bf00 (7 bytes)
1724748606.702644 sending message 112 to peer 0x564e7e66bf00 (13 bytes)
1724748606.702647 sending message 112 to peer 0x564e7e66bf00 (7 bytes)
1724748606.702650 sending message 112 to peer 0x564e7e66bf00 (13 bytes)
1724748606.702652 sending message 112 to peer 0x564e7e66bf00 (9 bytes)
1724748606.702655 sending message 112 to peer 0x564e7e66bf00 (21 bytes)
1724748606.702658 sending message 112 to peer 0x564e7e66bf00 (13 bytes)
1724748606.702661 sending message 112 to peer 0x564e7e66bf00 (9 bytes)
1724748606.702664 sending message 112 to peer 0x564e7e66bf00 (16 bytes)
1724748606.702667 sending message 112 to peer 0x564e7e66bf00 (13 bytes)
1724748606.702670 sending message 112 to peer 0x564e7e66bf00 (9 bytes)
1724748606.702672 sending message 112 to peer 0x564e7e66bf00 (9 bytes)
1724748606.702675 sending message 112 to peer 0x564e7e66bf00 (12 bytes)
1724748606.702678 sending message 112 to peer 0x564e7e66bf00 (8 bytes)
1724748606.702681 sending message 112 to peer 0x564e7e66bf00 (8 bytes)
1724748606.702684 sending message 112 to peer 0x564e7e66bf00 (13 bytes)
1724748606.702687 sending message 112 to peer 0x564e7e66bf00 (7 bytes)
1724748606.702690 sending message 112 to peer 0x564e7e66bf00 (7 bytes)
1724748606.702693 sending message 112 to peer 0x564e7e66bf00 (9 bytes)
1724748606.702696 sending message 112 to peer 0x564e7e66bf00 (9 bytes)
1724748606.702699 sending message 112 to peer 0x564e7e66bf00 (15 bytes)
1724748606.702702 sending message 112 to peer 0x564e7e66bf00 (13 bytes)
1724748606.702704 sending message 112 to peer 0x564e7e66bf00 (12 bytes)
1724748606.702707 sending message 112 to peer 0x564e7e66bf00 (8 bytes)
1724748606.702710 sending message 112 to peer 0x564e7e66bf00 (14 bytes)
1724748606.702713 sending message 112 to peer 0x564e7e66bf00 (11 bytes)
1724748606.702716 sending message 112 to peer 0x564e7e66bf00 (9 bytes)
1724748606.702719 sending message 112 to peer 0x564e7e66bf00 (10 bytes)
1724748606.702722 sending message 112 to peer 0x564e7e66bf00 (10 bytes)
1724748606.702724 sending message 112 to peer 0x564e7e66bf00 (10 bytes)
1724748606.702727 sending message 112 to peer 0x564e7e66bf00 (10 bytes)
1724748606.702736 sending message 112 to peer 0x564e7e66bf00 (11 bytes)
1724748606.702739 sending message 112 to peer 0x564e7e66bf00 (12 bytes)
1724748606.702742 sending message 112 to peer 0x564e7e66bf00 (12 bytes)
1724748606.702745 sending message 112 to peer 0x564e7e66bf00 (12 bytes)
1724748606.702748 sending message 112 to peer 0x564e7e66bf00 (12 bytes)
1724748606.702750 sending message 112 to peer 0x564e7e66bf00 (12 bytes)
1724748606.702753 sending message 112 to peer 0x564e7e66bf00 (11 bytes)
1724748606.702756 sending message 112 to peer 0x564e7e66bf00 (11 bytes)
1724748606.702759 sending message 112 to peer 0x564e7e66bf00 (12 bytes)
1724748606.702762 sending message 112 to peer 0x564e7e66bf00 (12 bytes)
1724748606.702765 sending message 112 to peer 0x564e7e66bf00 (12 bytes)
1724748606.702768 sending message 112 to peer 0x564e7e66bf00 (12 bytes)
1724748606.702771 sending message 112 to peer 0x564e7e66bf00 (12 bytes)
1724748606.702773 sending message 112 to peer 0x564e7e66bf00 (9 bytes)
1724748606.702776 sending message 112 to peer 0x564e7e66bf00 (12 bytes)
1724748606.702779 sending message 112 to peer 0x564e7e66bf00 (13 bytes)
1724748606.702782 sending message 112 to peer 0x564e7e66bf00 (13 bytes)
1724748606.702785 sending message 112 to peer 0x564e7e66bf00 (13 bytes)
1724748606.702788 sending message 112 to peer 0x564e7e66bf00 (13 bytes)
1724748606.702791 sending message 112 to peer 0x564e7e66bf00 (13 bytes)
1724748606.702794 sending message 112 to peer 0x564e7e66bf00 (8 bytes)
1724748606.702796 sending message 112 to peer 0x564e7e66bf00 (11 bytes)
1724748606.702799 sending message 112 to peer 0x564e7e66bf00 (11 bytes)
1724748606.702802 sending message 112 to peer 0x564e7e66bf00 (11 bytes)
1724748606.702805 sending message 112 to peer 0x564e7e66bf00 (12 bytes)
1724748606.702808 sending message 112 to peer 0x564e7e66bf00 (12 bytes)
1724748606.702811 sending message 112 to peer 0x564e7e66bf00 (12 bytes)
1724748606.702814 sending message 112 to peer 0x564e7e66bf00 (12 bytes)
1724748606.702816 sending message 112 to peer 0x564e7e66bf00 (13 bytes)
1724748606.702819 sending message 112 to peer 0x564e7e66bf00 (13 bytes)
1724748606.702822 sending message 112 to peer 0x564e7e66bf00 (13 bytes)
1724748606.702825 sending message 112 to peer 0x564e7e66bf00 (8 bytes)
1724748606.702828 sending message 112 to peer 0x564e7e66bf00 (13 bytes)
1724748606.702831 sending message 112 to peer 0x564e7e66bf00 (13 bytes)
1724748606.702834 sending message 112 to peer 0x564e7e66bf00 (13 bytes)
1724748606.702837 sending message 112 to peer 0x564e7e66bf00 (13 bytes)
1724748606.702840 sending message 112 to peer 0x564e7e66bf00 (13 bytes)
1724748606.702843 sending message 112 to peer 0x564e7e66bf00 (12 bytes)
1724748606.702845 sending message 112 to peer 0x564e7e66bf00 (12 bytes)
1724748606.702848 sending message 112 to peer 0x564e7e66bf00 (12 bytes)
1724748606.702851 sending message 112 to peer 0x564e7e66bf00 (12 bytes)
1724748606.702854 sending message 112 to peer 0x564e7e66bf00 (13 bytes)
1724748606.702857 sending message 112 to peer 0x564e7e66bf00 (8 bytes)
1724748606.702875 sending message 112 to peer 0x564e7e66bf00 (13 bytes)
1724748606.702885 sending message 112 to peer 0x564e7e66bf00 (13 bytes)
1724748606.702889 sending message 112 to peer 0x564e7e66bf00 (13 bytes)
1724748606.702892 sending message 112 to peer 0x564e7e66bf00 (13 bytes)
1724748606.702895 sending message 112 to peer 0x564e7e66bf00 (13 bytes)
1724748606.702898 sending message 112 to peer 0x564e7e66bf00 (13 bytes)
1724748606.702901 sending message 112 to peer 0x564e7e66bf00 (13 bytes)
1724748606.702904 sending message 112 to peer 0x564e7e66bf00 (12 bytes)
1724748606.702907 sending message 112 to peer 0x564e7e66bf00 (12 bytes)
1724748606.702910 sending message 112 to peer 0x564e7e66bf00 (12 bytes)
1724748606.702912 sending message 112 to peer 0x564e7e66bf00 (8 bytes)
1724748606.702915 sending message 112 to peer 0x564e7e66bf00 (12 bytes)
1724748606.702918 sending message 112 to peer 0x564e7e66bf00 (13 bytes)
1724748606.702921 sending message 112 to peer 0x564e7e66bf00 (13 bytes)
1724748606.702928 sending message 112 to peer 0x564e7e66bf00 (13 bytes)
1724748606.702931 sending message 112 to peer 0x564e7e66bf00 (13 bytes)
1724748606.702934 sending message 112 to peer 0x564e7e66bf00 (13 bytes)
1724748606.702937 sending message 112 to peer 0x564e7e66bf00 (13 bytes)
1724748606.702940 sending message 112 to peer 0x564e7e66bf00 (13 bytes)
1724748606.702943 sending message 112 to peer 0x564e7e66bf00 (13 bytes)
1724748606.702946 sending message 112 to peer 0x564e7e66bf00 (12 bytes)
1724748606.702948 sending message 112 to peer 0x564e7e66bf00 (10 bytes)
1724748606.702951 sending message 112 to peer 0x564e7e66bf00 (12 bytes)
1724748606.702954 sending message 112 to peer 0x564e7e66bf00 (12 bytes)
1724748606.702957 sending message 112 to peer 0x564e7e66bf00 (12 bytes)
1724748606.702960 sending message 112 to peer 0x564e7e66bf00 (13 bytes)
1724748606.702963 sending message 112 to peer 0x564e7e66bf00 (13 bytes)
1724748606.702966 sending message 112 to peer 0x564e7e66bf00 (13 bytes)
1724748606.702968 sending message 112 to peer 0x564e7e66bf00 (13 bytes)
1724748606.702971 sending message 112 to peer 0x564e7e66bf00 (13 bytes)
1724748606.702974 sending message 112 to peer 0x564e7e66bf00 (13 bytes)
1724748606.702977 sending message 112 to peer 0x564e7e66bf00 (13 bytes)
1724748606.702980 sending message 112 to peer 0x564e7e66bf00 (10 bytes)
1724748606.702983 sending message 112 to peer 0x564e7e66bf00 (13 bytes)
1724748606.702986 sending message 112 to peer 0x564e7e66bf00 (12 bytes)
1724748606.702988 sending message 112 to peer 0x564e7e66bf00 (12 bytes)
1724748606.702991 sending message 112 to peer 0x564e7e66bf00 (12 bytes)
1724748606.702994 sending message 112 to peer 0x564e7e66bf00 (10 bytes)
1724748606.702997 sending message 112 to peer 0x564e7e66bf00 (10 bytes)
1724748606.702999 sending message 112 to peer 0x564e7e66bf00 (10 bytes)
1724748606.703002 sending message 112 to peer 0x564e7e66bf00 (12 bytes)
1724748606.703005 sending message 112 to peer 0x564e7e66bf00 (13 bytes)
1724748606.703008 sending message 112 to peer 0x564e7e66bf00 (13 bytes)
1724748606.703011 sending message 112 to peer 0x564e7e66bf00 (13 bytes)
1724748606.703014 sending message 112 to peer 0x564e7e66bf00 (13 bytes)
1724748606.703017 sending message 112 to peer 0x564e7e66bf00 (13 bytes)
1724748606.703020 sending message 112 to peer 0x564e7e66bf00 (10 bytes)
1724748606.703023 sending message 112 to peer 0x564e7e66bf00 (11 bytes)
1724748606.703026 sending message 112 to peer 0x564e7e66bf00 (12 bytes)
1724748606.703028 sending message 112 to peer 0x564e7e66bf00 (12 bytes)
1724748606.703031 sending message 112 to peer 0x564e7e66bf00 (12 bytes)
1724748606.703034 sending message 112 to peer 0x564e7e66bf00 (12 bytes)
1724748606.703037 sending message 112 to peer 0x564e7e66bf00 (12 bytes)
1724748606.703040 sending message 112 to peer 0x564e7e66bf00 (11 bytes)
1724748606.703043 sending message 112 to peer 0x564e7e66bf00 (12 bytes)
1724748606.703045 sending message 112 to peer 0x564e7e66bf00 (12 bytes)
1724748606.703048 sending message 112 to peer 0x564e7e66bf00 (13 bytes)
1724748606.703051 sending message 112 to peer 0x564e7e66bf00 (13 bytes)
1724748606.703062 sending message 112 to peer 0x564e7e66bf00 (13 bytes)
1724748606.703067 sending message 112 to peer 0x564e7e66bf00 (13 bytes)
1724748606.703071 sending message 112 to peer 0x564e7e66bf00 (13 bytes)
1724748606.703074 sending message 112 to peer 0x564e7e66bf00 (10 bytes)
1724748606.703076 sending message 112 to peer 0x564e7e66bf00 (9 bytes)
1724748606.703079 sending message 112 to peer 0x564e7e66bf00 (12 bytes)
1724748606.703082 sending message 112 to peer 0x564e7e66bf00 (13 bytes)
1724748606.703085 sending message 112 to peer 0x564e7e66bf00 (13 bytes)
1724748606.703088 sending message 112 to peer 0x564e7e66bf00 (13 bytes)
1724748606.703091 sending message 112 to peer 0x564e7e66bf00 (13 bytes)
1724748606.703094 sending message 112 to peer 0x564e7e66bf00 (13 bytes)
1724748606.703097 sending message 112 to peer 0x564e7e66bf00 (9 bytes)
1724748606.703131 sending message 112 to peer 0x564e7e66bf00 (12 bytes)
1724748606.703137 sending message 112 to peer 0x564e7e66bf00 (13 bytes)
1724748606.703140 sending message 112 to peer 0x564e7e66bf00 (13 bytes)
1724748606.703143 sending message 112 to peer 0x564e7e66bf00 (13 bytes)
1724748606.703146 sending message 112 to peer 0x564e7e66bf00 (13 bytes)
1724748606.703149 sending message 112 to peer 0x564e7e66bf00 (13 bytes)
1724748606.703152 sending message 112 to peer 0x564e7e66bf00 (11 bytes)
1724748606.703155 sending message 112 to peer 0x564e7e66bf00 (12 bytes)
1724748606.703157 sending message 112 to peer 0x564e7e66bf00 (13 bytes)
1724748606.703160 sending message 112 to peer 0x564e7e66bf00 (13 bytes)
1724748606.703163 sending message 112 to peer 0x564e7e66bf00 (13 bytes)
1724748606.703166 sending message 112 to peer 0x564e7e66bf00 (13 bytes)
1724748606.703169 sending message 112 to peer 0x564e7e66bf00 (13 bytes)
1724748606.703172 sending message 112 to peer 0x564e7e66bf00 (11 bytes)
1724748606.703175 sending message 112 to peer 0x564e7e66bf00 (12 bytes)
1724748606.703178 sending message 112 to peer 0x564e7e66bf00 (12 bytes)
1724748606.703181 sending message 112 to peer 0x564e7e66bf00 (12 bytes)
1724748606.703184 sending message 112 to peer 0x564e7e66bf00 (12 bytes)
1724748606.703187 sending message 112 to peer 0x564e7e66bf00 (12 bytes)
1724748606.703190 sending message 112 to peer 0x564e7e66bf00 (21 bytes)
1724748606.703193 sending message 112 to peer 0x564e7e66bf00 (12 bytes)
1724748606.703196 sending message 112 to peer 0x564e7e66bf00 (9 bytes)
1724748606.703199 sending message 112 to peer 0x564e7e66bf00 (6 bytes)
1724748606.703201 sending message 112 to peer 0x564e7e66bf00 (13 bytes)
1724748606.703204 sending message 112 to peer 0x564e7e66bf00 (10 bytes)
1724748606.703207 sending message 112 to peer 0x564e7e66bf00 (24 bytes)
1724748606.703210 sending message 112 to peer 0x564e7e66bf00 (13 bytes)
1724748606.703213 sending message 112 to peer 0x564e7e66bf00 (9 bytes)
1724748606.703216 sending message 112 to peer 0x564e7e66bf00 (70 bytes)
1724748606.703219 sending message 112 to peer 0x564e7e66bf00 (69 bytes)
1724748606.703222 sending message 112 to peer 0x564e7e66bf00 (12 bytes)
1724748606.703225 sending message 112 to peer 0x564e7e66bf00 (10 bytes)
1724748606.703228 sending message 112 to peer 0x564e7e66bf00 (10 bytes)
1724748606.703231 sending message 112 to peer 0x564e7e66bf00 (24 bytes)
1724748606.703234 sending message 112 to peer 0x564e7e66bf00 (13 bytes)
1724748606.703237 sending message 112 to peer 0x564e7e66bf00 (10 bytes)
1724748606.703239 sending message 112 to peer 0x564e7e66bf00 (10 bytes)
1724748606.703242 sending message 112 to peer 0x564e7e66bf00 (10 bytes)
1724748606.703245 sending message 112 to peer 0x564e7e66bf00 (13 bytes)
1724748606.703248 sending message 112 to peer 0x564e7e66bf00 (15 bytes)
1724748606.703251 sending message 112 to peer 0x564e7e66bf00 (5 bytes)
1724748606.703254 sending message 104 to peer 0x564e7e66bf00 (0 bytes)
1724748606.703258 sending message 110 to peer 0x564e7e66bf00 (0 bytes)
1724748606.703261 sending message 107 to peer 0x564e7e66bf00 (4 bytes)
1724748606.703264 sending message 105 to peer 0x564e7e66bf00 (16 bytes)
1724748606.703268 sending message 105 to peer 0x564e7e66bf00 (13 bytes)
1724748606.703271 sending message 105 to peer 0x564e7e66bf00 (1130 bytes)
1724748606.703276 sending message 105 to peer 0x564e7e66bf00 (20 bytes)
1724748606.703279 sending message 105 to peer 0x564e7e66bf00 (32 bytes)
1724748606.703282 sending message 105 to peer 0x564e7e66bf00 (11 bytes)
1724748606.703285 sending message 105 to peer 0x564e7e66bf00 (26 bytes)
1724748606.703288 sending message 105 to peer 0x564e7e66bf00 (40 bytes)
1724748606.703291 sending message 105 to peer 0x564e7e66bf00 (24 bytes)
1724748606.703294 sending message 105 to peer 0x564e7e66bf00 (33 bytes)
1724748606.703297 sending message 105 to peer 0x564e7e66bf00 (48 bytes)
1724748606.703300 sending message 105 to peer 0x564e7e66bf00 (53 bytes)
1724748606.703303 sending message 105 to peer 0x564e7e66bf00 (33 bytes)
1724748606.703337 sending message 105 to peer 0x564e7e66bf00 (13 bytes)
1724748606.703343 sending message 105 to peer 0x564e7e66bf00 (18 bytes)
1724748606.703346 sending message 105 to peer 0x564e7e66bf00 (12 bytes)
1724748606.703350 sending message 105 to peer 0x564e7e66bf00 (15 bytes)
1724748606.703353 sending message 105 to peer 0x564e7e66bf00 (15 bytes)
1724748606.703356 sending message 105 to peer 0x564e7e66bf00 (23 bytes)
1724748606.703359 sending message 105 to peer 0x564e7e66bf00 (54 bytes)
1724748606.703362 sending message 105 to peer 0x564e7e66bf00 (8 bytes)
1724748606.703365 sending message 105 to peer 0x564e7e66bf00 (27 bytes)
1724748606.703368 sending message 105 to peer 0x564e7e66bf00 (20 bytes)
1724748606.703371 sending message 105 to peer 0x564e7e66bf00 (20 bytes)
1724748606.703374 sending message 105 to peer 0x564e7e66bf00 (20 bytes)
1724748606.703377 sending message 105 to peer 0x564e7e66bf00 (48 bytes)
1724748606.703380 sending message 105 to peer 0x564e7e66bf00 (44 bytes)
1724748606.703383 sending message 105 to peer 0x564e7e66bf00 (43 bytes)
1724748606.703385 sending message 105 to peer 0x564e7e66bf00 (19 bytes)
1724748606.703389 sending message 105 to peer 0x564e7e66bf00 (38 bytes)
1724748606.703392 sending message 105 to peer 0x564e7e66bf00 (16 bytes)
1724748606.703395 sending message 106 to peer 0x564e7e66bf00 (0 bytes)
1724748606.703405 sending message 200 to peer 0x564e7e66bf00 (4 bytes)
1724748606.703408 client loop enter
1724748606.710921 peer 0x564e7e66bf00 message 207
1724748606.710943 sending message 208 to peer 0x564e7e66bf00 (0 bytes)
1724748619.956399 peer 0x564e7e66bf00 message 201
1724748619.956445 sending message 205 to peer 0x564e7e66bf00 (0 bytes)
1724748619.957121 peer 0x564e7e66bf00 message 204
1724748619.957142 client loop exit
